<?xml version="1.0" encoding="UTF-8"?>
<testsuite xmlns:xsi="http://www.w3.org/2001/XMLSchema-instance" xsi:noNamespaceSchemaLocation="https://maven.apache.org/surefire/maven-surefire-plugin/xsd/surefire-test-report-3.0.xsd" version="3.0" name="com.promomailer.AppTest" time="0.015" tests="1" errors="0" skipped="0" failures="0">
  <properties>
    <property name="sun.desktop" value="windows"/>
    <property name="awt.toolkit" value="sun.awt.windows.WToolkit"/>
    <property name="file.encoding.pkg" value="sun.io"/>
    <property name="java.specification.version" value="1.8"/>
    <property name="sun.cpu.isalist" value="amd64"/>
    <property name="sun.jnu.encoding" value="Cp1252"/>
    <property name="java.class.path" value="D:\Projects\Promotional mailer\promomailer\target\test-classes;D:\Projects\Promotional mailer\promomailer\target\classes;C:\Users\alshaikh\.m2\repository\junit\junit\3.8.1\junit-3.8.1.jar;C:\Users\alshaikh\.m2\repository\com\sparkjava\spark-core\2.9.4\spark-core-2.9.4.jar;C:\Users\alshaikh\.m2\repository\org\slf4j\slf4j-api\1.7.25\slf4j-api-1.7.25.jar;C:\Users\alshaikh\.m2\repository\org\eclipse\jetty\jetty-server\9.4.48.v20220622\jetty-server-9.4.48.v20220622.jar;C:\Users\alshaikh\.m2\repository\javax\servlet\javax.servlet-api\3.1.0\javax.servlet-api-3.1.0.jar;C:\Users\alshaikh\.m2\repository\org\eclipse\jetty\jetty-http\9.4.48.v20220622\jetty-http-9.4.48.v20220622.jar;C:\Users\alshaikh\.m2\repository\org\eclipse\jetty\jetty-util\9.4.48.v20220622\jetty-util-9.4.48.v20220622.jar;C:\Users\alshaikh\.m2\repository\org\eclipse\jetty\jetty-io\9.4.48.v20220622\jetty-io-9.4.48.v20220622.jar;C:\Users\alshaikh\.m2\repository\org\eclipse\jetty\jetty-webapp\9.4.48.v20220622\jetty-webapp-9.4.48.v20220622.jar;C:\Users\alshaikh\.m2\repository\org\eclipse\jetty\jetty-xml\9.4.48.v20220622\jetty-xml-9.4.48.v20220622.jar;C:\Users\alshaikh\.m2\repository\org\eclipse\jetty\jetty-servlet\9.4.48.v20220622\jetty-servlet-9.4.48.v20220622.jar;C:\Users\alshaikh\.m2\repository\org\eclipse\jetty\jetty-security\9.4.48.v20220622\jetty-security-9.4.48.v20220622.jar;C:\Users\alshaikh\.m2\repository\org\eclipse\jetty\jetty-util-ajax\9.4.48.v20220622\jetty-util-ajax-9.4.48.v20220622.jar;C:\Users\alshaikh\.m2\repository\org\eclipse\jetty\websocket\websocket-server\9.4.48.v20220622\websocket-server-9.4.48.v20220622.jar;C:\Users\alshaikh\.m2\repository\org\eclipse\jetty\websocket\websocket-common\9.4.48.v20220622\websocket-common-9.4.48.v20220622.jar;C:\Users\alshaikh\.m2\repository\org\eclipse\jetty\websocket\websocket-client\9.4.48.v20220622\websocket-client-9.4.48.v20220622.jar;C:\Users\alshaikh\.m2\repository\org\eclipse\jetty\jetty-client\9.4.48.v20220622\jetty-client-9.4.48.v20220622.jar;C:\Users\alshaikh\.m2\repository\org\eclipse\jetty\websocket\websocket-servlet\9.4.48.v20220622\websocket-servlet-9.4.48.v20220622.jar;C:\Users\alshaikh\.m2\repository\org\eclipse\jetty\websocket\websocket-api\9.4.48.v20220622\websocket-api-9.4.48.v20220622.jar;C:\Users\alshaikh\.m2\repository\com\sun\mail\jakarta.mail\2.0.1\jakarta.mail-2.0.1.jar;C:\Users\alshaikh\.m2\repository\com\sun\activation\jakarta.activation\2.0.1\jakarta.activation-2.0.1.jar;C:\Users\alshaikh\.m2\repository\commons-fileupload\commons-fileupload\1.5\commons-fileupload-1.5.jar;C:\Users\alshaikh\.m2\repository\commons-io\commons-io\2.11.0\commons-io-2.11.0.jar;C:\Users\alshaikh\.m2\repository\com\google\code\gson\gson\2.10.1\gson-2.10.1.jar;C:\Users\alshaikh\.m2\repository\org\slf4j\slf4j-simple\1.7.36\slf4j-simple-1.7.36.jar;"/>
    <property name="java.vm.vendor" value="Oracle Corporation"/>
    <property name="sun.arch.data.model" value="64"/>
    <property name="user.variant" value=""/>
    <property name="java.vendor.url" value="http://java.oracle.com/"/>
    <property name="user.timezone" value="Asia/Muscat"/>
    <property name="java.vm.specification.version" value="1.8"/>
    <property name="os.name" value="Windows 11"/>
    <property name="user.country" value="AE"/>
    <property name="sun.java.launcher" value="SUN_STANDARD"/>
    <property name="sun.boot.library.path" value="C:\Program Files\Java\jdk-1.8\jre\bin"/>
    <property name="sun.java.command" value="C:\Users\alshaikh\AppData\Local\Temp\surefire4806378293647229255\surefirebooter-20240826132753478_3.jar C:\Users\alshaikh\AppData\Local\Temp\surefire4806378293647229255 2024-08-26T13-27-53_109-jvmRun1 surefire-20240826132753478_1tmp surefire_0-20240826132753478_2tmp"/>
    <property name="surefire.test.class.path" value="D:\Projects\Promotional mailer\promomailer\target\test-classes;D:\Projects\Promotional mailer\promomailer\target\classes;C:\Users\alshaikh\.m2\repository\junit\junit\3.8.1\junit-3.8.1.jar;C:\Users\alshaikh\.m2\repository\com\sparkjava\spark-core\2.9.4\spark-core-2.9.4.jar;C:\Users\alshaikh\.m2\repository\org\slf4j\slf4j-api\1.7.25\slf4j-api-1.7.25.jar;C:\Users\alshaikh\.m2\repository\org\eclipse\jetty\jetty-server\9.4.48.v20220622\jetty-server-9.4.48.v20220622.jar;C:\Users\alshaikh\.m2\repository\javax\servlet\javax.servlet-api\3.1.0\javax.servlet-api-3.1.0.jar;C:\Users\alshaikh\.m2\repository\org\eclipse\jetty\jetty-http\9.4.48.v20220622\jetty-http-9.4.48.v20220622.jar;C:\Users\alshaikh\.m2\repository\org\eclipse\jetty\jetty-util\9.4.48.v20220622\jetty-util-9.4.48.v20220622.jar;C:\Users\alshaikh\.m2\repository\org\eclipse\jetty\jetty-io\9.4.48.v20220622\jetty-io-9.4.48.v20220622.jar;C:\Users\alshaikh\.m2\repository\org\eclipse\jetty\jetty-webapp\9.4.48.v20220622\jetty-webapp-9.4.48.v20220622.jar;C:\Users\alshaikh\.m2\repository\org\eclipse\jetty\jetty-xml\9.4.48.v20220622\jetty-xml-9.4.48.v20220622.jar;C:\Users\alshaikh\.m2\repository\org\eclipse\jetty\jetty-servlet\9.4.48.v20220622\jetty-servlet-9.4.48.v20220622.jar;C:\Users\alshaikh\.m2\repository\org\eclipse\jetty\jetty-security\9.4.48.v20220622\jetty-security-9.4.48.v20220622.jar;C:\Users\alshaikh\.m2\repository\org\eclipse\jetty\jetty-util-ajax\9.4.48.v20220622\jetty-util-ajax-9.4.48.v20220622.jar;C:\Users\alshaikh\.m2\repository\org\eclipse\jetty\websocket\websocket-server\9.4.48.v20220622\websocket-server-9.4.48.v20220622.jar;C:\Users\alshaikh\.m2\repository\org\eclipse\jetty\websocket\websocket-common\9.4.48.v20220622\websocket-common-9.4.48.v20220622.jar;C:\Users\alshaikh\.m2\repository\org\eclipse\jetty\websocket\websocket-client\9.4.48.v20220622\websocket-client-9.4.48.v20220622.jar;C:\Users\alshaikh\.m2\repository\org\eclipse\jetty\jetty-client\9.4.48.v20220622\jetty-client-9.4.48.v20220622.jar;C:\Users\alshaikh\.m2\repository\org\eclipse\jetty\websocket\websocket-servlet\9.4.48.v20220622\websocket-servlet-9.4.48.v20220622.jar;C:\Users\alshaikh\.m2\repository\org\eclipse\jetty\websocket\websocket-api\9.4.48.v20220622\websocket-api-9.4.48.v20220622.jar;C:\Users\alshaikh\.m2\repository\com\sun\mail\jakarta.mail\2.0.1\jakarta.mail-2.0.1.jar;C:\Users\alshaikh\.m2\repository\com\sun\activation\jakarta.activation\2.0.1\jakarta.activation-2.0.1.jar;C:\Users\alshaikh\.m2\repository\commons-fileupload\commons-fileupload\1.5\commons-fileupload-1.5.jar;C:\Users\alshaikh\.m2\repository\commons-io\commons-io\2.11.0\commons-io-2.11.0.jar;C:\Users\alshaikh\.m2\repository\com\google\code\gson\gson\2.10.1\gson-2.10.1.jar;C:\Users\alshaikh\.m2\repository\org\slf4j\slf4j-simple\1.7.36\slf4j-simple-1.7.36.jar;"/>
    <property name="sun.cpu.endian" value="little"/>
    <property name="user.home" value="C:\Users\alshaikh"/>
    <property name="user.language" value="en"/>
    <property name="java.specification.vendor" value="Oracle Corporation"/>
    <property name="java.home" value="C:\Program Files\Java\jdk-1.8\jre"/>
    <property name="basedir" value="D:\Projects\Promotional mailer\promomailer"/>
    <property name="file.separator" value="\"/>
    <property name="line.separator" value="&#10;"/>
    <property name="java.vm.specification.vendor" value="Oracle Corporation"/>
    <property name="java.specification.name" value="Java Platform API Specification"/>
    <property name="java.awt.graphicsenv" value="sun.awt.Win32GraphicsEnvironment"/>
    <property name="surefire.real.class.path" value="C:\Users\alshaikh\AppData\Local\Temp\surefire4806378293647229255\surefirebooter-20240826132753478_3.jar"/>
    <property name="sun.boot.class.path" value="C:\Program Files\Java\jdk-1.8\jre\lib\resources.jar;C:\Program Files\Java\jdk-1.8\jre\lib\rt.jar;C:\Program Files\Java\jdk-1.8\jre\lib\jsse.jar;C:\Program Files\Java\jdk-1.8\jre\lib\jce.jar;C:\Program Files\Java\jdk-1.8\jre\lib\charsets.jar;C:\Program Files\Java\jdk-1.8\jre\lib\jfr.jar;C:\Program Files\Java\jdk-1.8\jre\classes"/>
    <property name="user.script" value=""/>
    <property name="sun.management.compiler" value="HotSpot 64-Bit Tiered Compilers"/>
    <property name="java.runtime.version" value="1.8.0_401-b25"/>
    <property name="user.name" value="alshaikh"/>
    <property name="path.separator" value=";"/>
    <property name="os.version" value="10.0"/>
    <property name="java.endorsed.dirs" value="C:\Program Files\Java\jdk-1.8\jre\lib\endorsed"/>
    <property name="java.runtime.name" value="Java(TM) SE Runtime Environment"/>
    <property name="file.encoding" value="Cp1252"/>
    <property name="java.vm.name" value="Java HotSpot(TM) 64-Bit Server VM"/>
    <property name="localRepository" value="C:\Users\alshaikh\.m2\repository"/>
    <property name="java.vendor.url.bug" value="http://bugreport.sun.com/bugreport/"/>
    <property name="java.io.tmpdir" value="C:\Users\alshaikh\AppData\Local\Temp\"/>
    <property name="java.version" value="1.8.0_401"/>
    <property name="user.dir" value="D:\Projects\Promotional mailer\promomailer"/>
    <property name="os.arch" value="amd64"/>
    <property name="java.vm.specification.name" value="Java Virtual Machine Specification"/>
    <property name="java.awt.printerjob" value="sun.awt.windows.WPrinterJob"/>
    <property name="sun.os.patch.level" value=""/>
    <property name="java.library.path" value="C:\Program Files\Java\jdk-1.8\jre\bin;C:\WINDOWS\Sun\Java\bin;C:\WINDOWS\system32;C:\WINDOWS;C:\Program Files (x86)\Common Files\Oracle\Java\java8path;C:\Program Files (x86)\Common Files\Oracle\Java\javapath;C:\Program Files\Microsoft SDKs\Azure\CLI2\wbin;C:\Python310\Scripts\;C:\Python310\;C:\windows\system32;C:\windows;C:\windows\System32\Wbem;C:\windows\System32\WindowsPowerShell\v1.0\;C:\windows\System32\OpenSSH\;C:\Program Files (x86)\NVIDIA Corporation\PhysX\Common;C:\Program Files\Microsoft SQL Server\150\Tools\Binn\;C:\Program Files\Microsoft SQL Server\Client SDK\ODBC\170\Tools\Binn\;C:\ProgramData\chocolatey\bin;C:\Program Files\Microsoft\Web Platform Installer\;C:\Program Files (x86)\Microsoft SQL Server\150\DTS\Binn\;C:\Program Files\dotnet\;C:\wamp64\bin\php\php7.4.26;C:\ProgramData\ComposerSetup\bin;C:\Program Files\Microsoft\Azure Functions Core Tools\;C:\WINDOWS\system32;C:\WINDOWS;C:\WINDOWS\System32\Wbem;C:\WINDOWS\System32\WindowsPowerShell\v1.0\;C:\WINDOWS\System32\OpenSSH\;C:\Users\alshaikh\AppData\Roaming\nvm;C:\Program Files\nodejs;C:\Program Files\Microsoft SQL Server\130\Tools\Binn\;C:\Program Files\NVIDIA Corporation\NVIDIA NvDLISR;C:\Program Files\Docker\Docker\resources\bin;C:\Program Files\Git\cmd;C:\Program Files (x86)\Windows Kits\10\Windows Performance Toolkit\;C:\Program Files\Apache\maven\apache-maven-3.9.9\bin;C:\Users\alshaikh\.console-ninja\.bin;C:\Users\alshaikh\AppData\Local\Microsoft\WindowsApps;C:\Users\alshaikh\AppData\Local\Programs\Microsoft VS Code\bin;C:\Program Files\Azure Data Studio\bin;C:\Users\alshaikh\.dotnet\tools;C:\Users\alshaikh\AppData\Roaming\Composer\vendor\bin;C:\wamp64\bin\php\php7.4.26;C:\Program Files\heroku\bin;C:\wamp64\bin\php\php7.4.0;C:\Users\alshaikh\AppData\Roaming\npm;C:\Users\alshaikh\AppData\Roaming\nvm;C:\Program Files\nodejs;C:\Users\alshaikh\AppData\Roaming\npm;C:\Users\alshaikh\AppData\Roaming\npm;C:\Users\alshaikh\.dotnet\tools;."/>
    <property name="java.vm.info" value="mixed mode"/>
    <property name="java.vendor" value="Oracle Corporation"/>
    <property name="java.vm.version" value="25.401-b25"/>
    <property name="java.specification.maintenance.version" value="5"/>
    <property name="java.ext.dirs" value="C:\Program Files\Java\jdk-1.8\jre\lib\ext;C:\WINDOWS\Sun\Java\lib\ext"/>
    <property name="sun.io.unicode.encoding" value="UnicodeLittle"/>
    <property name="java.class.version" value="52.0"/>
  </properties>
  <testcase name="testApp" classname="com.promomailer.AppTest" time="0.001"/>
</testsuite>